<?xml version="1.0" encoding="UTF-8"?>
<!-- Generated by org.testng.reporters.JUnitReportReporter -->
<testsuite hostname="CMDLHRLT07" failures="0" tests="6" name="automation.TestNG" time="14.312" errors="0" timestamp="2023-08-16T07:05:30 EDT" skipped="0">
  <testcase classname="automation.TestNG" name="AccesstoSite" time="9.281"/>
  <testcase classname="automation.TestNG" name="Managerlogin" time="1.255"/>
  <testcase classname="automation.TestNG" name="Addcustomer" time="0.626"/>
  <testcase classname="automation.TestNG" name="customerdetails" time="1.405"/>
  <testcase classname="automation.TestNG" name="OpenAccount" time="1.412"/>
  <testcase classname="automation.TestNG" name="Customerlogin" time="0.333"/>
</testsuite> <!-- automation.TestNG -->
